#
# There is insufficient memory for the Java Runtime Environment to continue.
# Native memory allocation (mmap) failed to map 264241152 bytes for G1 virtual space
# Possible reasons:
#   The system is out of physical RAM or swap space
#   The process is running with CompressedOops enabled, and the Java Heap may be blocking the growth of the native heap
# Possible solutions:
#   Reduce memory load on the system
#   Increase physical memory or swap space
#   Check if swap backing store is full
#   Decrease Java heap size (-Xmx/-Xms)
#   Decrease number of Java threads
#   Decrease Java thread stack sizes (-Xss)
#   Set larger code cache with -XX:ReservedCodeCacheSize=
#   JVM is running with Zero Based Compressed Oops mode in which the Java heap is
#     placed in the first 32GB address space. The Java Heap base address is the
#     maximum limit for the native heap growth. Please use -XX:HeapBaseMinAddress
#     to set the Java Heap base and to place the Java Heap above 32GB virtual address.
# This output file may be truncated or incomplete.
#
#  Out of Memory Error (os_windows.cpp:3535), pid=75832, tid=74112
#
# JRE version:  (17.0.4+11) (build )
# Java VM: Java HotSpot(TM) 64-Bit Server VM (17.0.4+11-LTS-179, mixed mode, emulated-client, sharing, tiered, compressed oops, compressed class ptrs, g1 gc, windows-amd64)
# No core dump will be written. Minidumps are not enabled by default on client versions of Windows
#

---------------  S U M M A R Y ------------

Command Line: -XX:TieredStopAtLevel=1 -Dspring.output.ansi.enabled=always -Dcom.sun.management.jmxremote -Dspring.jmx.enabled=true -Dspring.liveBeansView.mbeanDomain -Dspring.application.admin.enabled=true -Dmanagement.endpoints.jmx.exposure.include=* -javaagent:D:\IntelliJ IDEA 2023.2.1\lib\idea_rt.jar=53532:D:\IntelliJ IDEA 2023.2.1\bin -Dfile.encoding=UTF-8 zk.FzuzKprojectApplication

Host: 12th Gen Intel(R) Core(TM) i5-12500H, 16 cores, 15G,  Windows 11 , 64 bit Build 22621 (10.0.22621.2428)
Time: Sun Nov  5 21:38:32 2023  Windows 11 , 64 bit Build 22621 (10.0.22621.2428) elapsed time: 0.068624 seconds (0d 0h 0m 0s)

---------------  T H R E A D  ---------------

Current thread (0x0000018b194608c0):  JavaThread "Unknown thread" [_thread_in_vm, id=74112, stack(0x00000038ad500000,0x00000038ad600000)]

Stack: [0x00000038ad500000,0x00000038ad600000]
Native frames: (J=compiled Java code, j=interpreted, Vv=VM code, C=native code)
V  [jvm.dll+0x6723da]
V  [jvm.dll+0x7d1f74]
V  [jvm.dll+0x7d371e]
V  [jvm.dll+0x7d3d83]
V  [jvm.dll+0x242ed5]
V  [jvm.dll+0x66f2f9]
V  [jvm.dll+0x663c42]
V  [jvm.dll+0x30103b]
V  [jvm.dll+0x3085d6]
V  [jvm.dll+0x35844e]
V  [jvm.dll+0x35867f]
V  [jvm.dll+0x2d8258]
V  [jvm.dll+0x2d91c4]
V  [jvm.dll+0x7a3a51]
V  [jvm.dll+0x3662a1]
V  [jvm.dll+0x782dcc]
V  [jvm.dll+0x3e8bff]
V  [jvm.dll+0x3ea6a1]
C  [jli.dll+0x527b]
C  [ucrtbase.dll+0x29363]
C  [KERNEL32.DLL+0x1257d]
C  [ntdll.dll+0x5aa78]


---------------  P R O C E S S  ---------------

Threads class SMR info:
_java_thread_list=0x00007ff894d0a858, length=0, elements={
}

Java Threads: ( => current thread )

Other Threads:
  0x0000018b194cc840 GCTaskThread "GC Thread#0" [stack: 0x00000038ad600000,0x00000038ad700000] [id=12780]
  0x0000018b194dd300 ConcurrentGCThread "G1 Main Marker" [stack: 0x00000038ad700000,0x00000038ad800000] [id=55144]
  0x0000018b194ddd10 ConcurrentGCThread "G1 Conc#0" [stack: 0x00000038ad800000,0x00000038ad900000] [id=7500]

[error occurred during error reporting (printing all threads), id 0xc0000005, EXCEPTION_ACCESS_VIOLATION (0xc0000005) at pc=0x00007ff894558c47]

VM state: not at safepoint (not fully initialized)

VM Mutex/Monitor currently owned by a thread:  ([mutex/lock_event])
[0x0000018b1945da90] Heap_lock - owner thread: 0x0000018b194608c0

Heap address: 0x0000000704800000, size: 4024 MB, Compressed Oops mode: Zero based, Oop shift amount: 3

CDS archive(s) mapped at: [0x0000000000000000-0x0000000000000000-0x0000000000000000), size 0, SharedBaseAddress: 0x0000000800000000, ArchiveRelocationMode: 0.
Narrow klass base: 0x0000000000000000, Narrow klass shift: 0, Narrow klass range: 0x0

GC Precious Log:
<Empty>

Heap:
 garbage-first heap   total 0K, used 0K [0x0000000704800000, 0x0000000800000000)
  region size 2048K, 0 young (0K), 0 survivors (0K)

[error occurred during error reporting (printing heap information), id 0xc0000005, EXCEPTION_ACCESS_VIOLATION (0xc0000005) at pc=0x00007ff89493b889]

GC Heap History (0 events):
No events

Deoptimization events (0 events):
No events

Classes unloaded (0 events):
No events

Classes redefined (0 events):
No events

Internal exceptions (0 events):
No events

VM Operations (0 events):
No events

Events (1 events):
Event: 0.066 Loaded shared library D:\JAVA\bin\java.dll


Dynamic libraries:
0x00007ff700c90000 - 0x00007ff700ca0000 	D:\JAVA\bin\java.exe
0x00007ff93dbf0000 - 0x00007ff93de07000 	C:\WINDOWS\SYSTEM32\ntdll.dll
0x00007ff93c1f0000 - 0x00007ff93c2b4000 	C:\WINDOWS\System32\KERNEL32.DLL
0x00007ff93b5a0000 - 0x00007ff93b946000 	C:\WINDOWS\System32\KERNELBASE.dll
0x00007ff93af70000 - 0x00007ff93b081000 	C:\WINDOWS\System32\ucrtbase.dll
0x00007ff927b70000 - 0x00007ff927b8a000 	D:\JAVA\bin\VCRUNTIME140.dll
0x00007ff927b20000 - 0x00007ff927b38000 	D:\JAVA\bin\jli.dll
0x00007ff93c2c0000 - 0x00007ff93c370000 	C:\WINDOWS\System32\ADVAPI32.dll
0x00007ff93b980000 - 0x00007ff93ba27000 	C:\WINDOWS\System32\msvcrt.dll
0x00007ff93d1b0000 - 0x00007ff93d256000 	C:\WINDOWS\System32\sechost.dll
0x00007ff93d090000 - 0x00007ff93d1a7000 	C:\WINDOWS\System32\RPCRT4.dll
0x00007ff93ce60000 - 0x00007ff93d00d000 	C:\WINDOWS\System32\USER32.dll
0x00007ff93b090000 - 0x00007ff93b0b6000 	C:\WINDOWS\System32\win32u.dll
0x00007ff93b950000 - 0x00007ff93b979000 	C:\WINDOWS\System32\GDI32.dll
0x00007ff93b370000 - 0x00007ff93b488000 	C:\WINDOWS\System32\gdi32full.dll
0x00007ff9221d0000 - 0x00007ff922463000 	C:\WINDOWS\WinSxS\amd64_microsoft.windows.common-controls_6595b64144ccf1df_6.0.22621.2361_none_2712ced57382f843\COMCTL32.dll
0x00007ff93b490000 - 0x00007ff93b52a000 	C:\WINDOWS\System32\msvcp_win.dll
0x00007ff92e900000 - 0x00007ff92e90a000 	C:\WINDOWS\SYSTEM32\VERSION.dll
0x00007ff93d2c0000 - 0x00007ff93d2f1000 	C:\WINDOWS\System32\IMM32.DLL
0x00007ff92a370000 - 0x00007ff92a37c000 	D:\JAVA\bin\vcruntime140_1.dll
0x00007ff91a110000 - 0x00007ff91a19d000 	D:\JAVA\bin\msvcp140.dll
0x00007ff894270000 - 0x00007ff894e32000 	D:\JAVA\bin\server\jvm.dll
0x00007ff93ba30000 - 0x00007ff93ba38000 	C:\WINDOWS\System32\PSAPI.DLL
0x00007ff927770000 - 0x00007ff927779000 	C:\WINDOWS\SYSTEM32\WSOCK32.dll
0x00007ff93d010000 - 0x00007ff93d081000 	C:\WINDOWS\System32\WS2_32.dll
0x00007ff930de0000 - 0x00007ff930e14000 	C:\WINDOWS\SYSTEM32\WINMM.dll
0x00007ff939fc0000 - 0x00007ff939fd8000 	C:\WINDOWS\SYSTEM32\kernel.appcore.dll
0x00007ff927ba0000 - 0x00007ff927baa000 	D:\JAVA\bin\jimage.dll
0x00007ff938530000 - 0x00007ff93875e000 	C:\WINDOWS\SYSTEM32\DBGHELP.DLL
0x00007ff93c910000 - 0x00007ff93cc9a000 	C:\WINDOWS\System32\combase.dll
0x00007ff93bb90000 - 0x00007ff93bc67000 	C:\WINDOWS\System32\OLEAUT32.dll
0x00007ff92c560000 - 0x00007ff92c592000 	C:\WINDOWS\SYSTEM32\dbgcore.DLL
0x00007ff93b0c0000 - 0x00007ff93b13a000 	C:\WINDOWS\System32\bcryptPrimitives.dll
0x00007ff933870000 - 0x00007ff93387e000 	D:\JAVA\bin\instrument.dll
0x00007ff923780000 - 0x00007ff9237a5000 	D:\JAVA\bin\java.dll

dbghelp: loaded successfully - version: 4.0.5 - missing functions: none
symbol engine: initialized successfully - sym options: 0x614 - pdb path: .;D:\JAVA\bin;C:\WINDOWS\SYSTEM32;C:\WINDOWS\WinSxS\amd64_microsoft.windows.common-controls_6595b64144ccf1df_6.0.22621.2361_none_2712ced57382f843;D:\JAVA\bin\server

VM Arguments:
jvm_args: -XX:TieredStopAtLevel=1 -Dspring.output.ansi.enabled=always -Dcom.sun.management.jmxremote -Dspring.jmx.enabled=true -Dspring.liveBeansView.mbeanDomain -Dspring.application.admin.enabled=true -Dmanagement.endpoints.jmx.exposure.include=* -javaagent:D:\IntelliJ IDEA 2023.2.1\lib\idea_rt.jar=53532:D:\IntelliJ IDEA 2023.2.1\bin -Dfile.encoding=UTF-8 
java_command: zk.FzuzKprojectApplication
java_class_path (initial): D:\FJZK\ZKproject\FZUZKproject\target\classes;D:\apache-maven-3.8.8-bin\apache-maven-3.8.8\mvn_repo\org\springframework\boot\spring-boot-starter-web\2.5.0\spring-boot-starter-web-2.5.0.jar;D:\apache-maven-3.8.8-bin\apache-maven-3.8.8\mvn_repo\org\springframework\boot\spring-boot-starter\2.5.0\spring-boot-starter-2.5.0.jar;D:\apache-maven-3.8.8-bin\apache-maven-3.8.8\mvn_repo\org\springframework\boot\spring-boot\2.5.0\spring-boot-2.5.0.jar;D:\apache-maven-3.8.8-bin\apache-maven-3.8.8\mvn_repo\org\springframework\boot\spring-boot-starter-logging\2.5.0\spring-boot-starter-logging-2.5.0.jar;D:\apache-maven-3.8.8-bin\apache-maven-3.8.8\mvn_repo\ch\qos\logback\logback-classic\1.2.3\logback-classic-1.2.3.jar;D:\apache-maven-3.8.8-bin\apache-maven-3.8.8\mvn_repo\ch\qos\logback\logback-core\1.2.3\logback-core-1.2.3.jar;D:\apache-maven-3.8.8-bin\apache-maven-3.8.8\mvn_repo\org\apache\logging\log4j\log4j-to-slf4j\2.14.1\log4j-to-slf4j-2.14.1.jar;D:\apache-maven-3.8.8-bin\apache-maven-3.8.8\mvn_repo\org\apache\logging\log4j\log4j-api\2.14.1\log4j-api-2.14.1.jar;D:\apache-maven-3.8.8-bin\apache-maven-3.8.8\mvn_repo\org\slf4j\jul-to-slf4j\1.7.30\jul-to-slf4j-1.7.30.jar;D:\apache-maven-3.8.8-bin\apache-maven-3.8.8\mvn_repo\jakarta\annotation\jakarta.annotation-api\1.3.5\jakarta.annotation-api-1.3.5.jar;D:\apache-maven-3.8.8-bin\apache-maven-3.8.8\mvn_repo\org\yaml\snakeyaml\1.28\snakeyaml-1.28.jar;D:\apache-maven-3.8.8-bin\apache-maven-3.8.8\mvn_repo\org\springframework\boot\spring-boot-starter-json\2.5.0\spring-boot-starter-json-2.5.0.jar;D:\apache-maven-3.8.8-bin\apache-maven-3.8.8\mvn_repo\com\fasterxml\jackson\datatype\jackson-datatype-jdk8\2.12.3\jackson-datatype-jdk8-2.12.3.jar;D:\apache-maven-3.8.8-bin\apache-maven-3.8.8\mvn_repo\com\fasterxml\jackson\datatype\jackson-datatype-jsr310\2.12.3\jackson-datatype-jsr310-2.12.3.jar;D:\apache-maven-3.8.8-bin\apache-maven-3.8.8\mvn_repo\com\fasterxml\jackson\module\jackson-module-parameter-names\2.12.3\j
Launcher Type: SUN_STANDARD

[Global flags]
     intx CICompilerCount                          = 12                                        {product} {ergonomic}
     uint ConcGCThreads                            = 3                                         {product} {ergonomic}
     uint G1ConcRefinementThreads                  = 13                                        {product} {ergonomic}
   size_t G1HeapRegionSize                         = 2097152                                   {product} {ergonomic}
    uintx GCDrainStackTargetSize                   = 64                                        {product} {ergonomic}
   size_t InitialHeapSize                          = 264241152                                 {product} {ergonomic}
     bool ManagementServer                         = true                                      {product} {command line}
   size_t MarkStackSize                            = 4194304                                   {product} {ergonomic}
   size_t MaxHeapSize                              = 4219469824                                {product} {ergonomic}
   size_t MinHeapDeltaBytes                        = 2097152                                   {product} {ergonomic}
   size_t MinHeapSize                              = 8388608                                   {product} {ergonomic}
    uintx NonProfiledCodeHeapSize                  = 0                                      {pd product} {ergonomic}
     bool ProfileInterpreter                       = false                                  {pd product} {command line}
    uintx ProfiledCodeHeapSize                     = 0                                      {pd product} {ergonomic}
   size_t SoftMaxHeapSize                          = 4219469824                             {manageable} {ergonomic}
     intx TieredStopAtLevel                        = 1                                         {product} {command line}
     bool UseCompressedClassPointers               = true                           {product lp64_product} {ergonomic}
     bool UseCompressedOops                        = true                           {product lp64_product} {ergonomic}
     bool UseG1GC                                  = true                                      {product} {ergonomic}
     bool UseLargePagesIndividualAllocation        = false                                  {pd product} {ergonomic}

Logging:
Log output configuration:
 #0: stdout all=warning uptime,level,tags
 #1: stderr all=off uptime,level,tags

Environment Variables:
JAVA_HOME=C:\Program Files\Java\jdk-18.0.2.1
PATH=C:\Program Files\Java\jdk-18.0.2.1\jre\bin;C:\Program Files\Java\jdk-18.0.2.1bin;C:\Program Files\Common Files\Oracle\Java\javapath;C:\Program Files (x86)\Tencent\QQ\Bin;C:\Program Files (x86)\Common Files\Oracle\Java\javapath;C:\Windows\system32;C:\Windows;C:\Windows\System32\Wbem;C:\Windows\System32\WindowsPowerShell\v1.0\;C:\Windows\System32\OpenSSH\;C:\Program Files (x86)\NVIDIA Corporation\PhysX\Common;C:\Program Files\NVIDIA Corporation\NVIDIA NvDLISR;C:\WINDOWS\system32;C:\WINDOWS;C:\WINDOWS\System32\Wbem;C:\WINDOWS\System32\WindowsPowerShell\v1.0\;C:\WINDOWS\System32\OpenSSH\;D:\pcsuite\;D:\NoteJS\;C:\Program Files\MySQL\MySQL Server 8.0\bin;D:\StudyForC\bin;D:\JustForStudy\Git\cmd;C:\Program Files\Docker\Docker\resources\bin;D:\;C:\Program Files\MySQL\MySQL Server 8.0\bin;C:\Users\86187\AppData\Local\Programs\Python\Python310\Scripts\;C:\Users\86187\AppData\Local\Programs\Python\Python310\;C:\Users\86187\AppData\Local\Microsoft\WindowsApps;D:\Microsoft VS Code\bin;D:\JustForStudy\DataGrip 2023.2.1\bin;;C:\Users\86187\AppData\Roaming\npm;D:\JustForStudy\apache-maven-3.8.8-bin\apache-maven-3.8.8\bin;D:\CLion 2023.2.1\bin;;D:\IntelliJ IDEA 2023.2.1\bin;;C:\Users\86187\AppData\Local\GitHubDesktop\bin;C:\Users\86187\Infineon\LauncherService
USERNAME=86187
OS=Windows_NT
PROCESSOR_IDENTIFIER=Intel64 Family 6 Model 154 Stepping 3, GenuineIntel



---------------  S Y S T E M  ---------------

OS:
 Windows 11 , 64 bit Build 22621 (10.0.22621.2428)
OS uptime: 8 days 10:08 hours
Hyper-V role detected

CPU: total 16 (initial active 16) (8 cores per cpu, 2 threads per core) family 6 model 154 stepping 3 microcode 0x41b, cx8, cmov, fxsr, ht, mmx, 3dnowpref, sse, sse2, sse3, ssse3, sse4.1, sse4.2, popcnt, lzcnt, tsc, tscinvbit, avx, avx2, aes, erms, clmul, bmi1, bmi2, adx, sha, fma, vzeroupper, clflush, clflushopt, clwb, hv

Memory: 4k page, system-wide physical 16088M (627M free)
TotalPageFile size 46530M (AvailPageFile size 105M)
current process WorkingSet (physical memory assigned to process): 11M, peak: 11M
current process commit charge ("private bytes"): 66M, peak: 318M

vm_info: Java HotSpot(TM) 64-Bit Server VM (17.0.4+11-LTS-179) for windows-amd64 JRE (17.0.4+11-LTS-179), built on Jun 28 2022 08:23:05 by "mach5one" with MS VC++ 16.8 / 16.9 (VS2019)

END.
